<?xml version="1.0" encoding="UTF-8"?>
<!-- Generated by org.testng.reporters.JUnitXMLReporter -->
<testsuite ignored="0" hostname="LAPTOP-L5VJCAPT" failures="0" tests="6" name="Default test" time="70.268" errors="0" timestamp="2024-04-15T18:39:36 IST">
  <testcase classname="testcases.Loginpage" name="successfulllogin" time="9.372"/>
  <testcase classname="testcases.Loginpage" name="negativelogin1" time="7.298"/>
  <testcase classname="testcases.Loginpage" name="negativelogin1" time="7.358"/>
  <testcase classname="testcases.Loginpage" name="negativelogin1" time="7.374"/>
  <testcase classname="testcases.Loginpage" name="negativelogin1" time="7.34"/>
  <testcase classname="testcases.Loginpage" name="negativelogin1" time="7.308"/>
</testsuite> <!-- Default test -->
