<?xml version="1.0" encoding="UTF-8"?>
<testng-results ignored="0" total="11" passed="11" failed="0" skipped="0">
  <reporter-output>
  </reporter-output>
  <suite started-at="2024-04-15T18:51:51 IST" name="CURA_HEALTHCARE" finished-at="2024-04-15T18:53:57 IST" duration-ms="126370">
    <groups>
    </groups>
    <test started-at="2024-04-15T18:51:51 IST" name="Test" finished-at="2024-04-15T18:53:57 IST" duration-ms="126370">
      <class name="testcases.MakeAppointment">
        <test-method is-config="true" signature="setbrowser()[pri:0, instance:testcases.MakeAppointment@5be46f9d]" started-at="2024-04-15T18:51:51 IST" name="setbrowser" finished-at="2024-04-15T18:52:04 IST" duration-ms="13169" status="PASS">
          <reporter-output>
          </reporter-output>
        </test-method> <!-- setbrowser -->
        <test-method signature="emptyvalues()[pri:0, instance:testcases.MakeAppointment@5be46f9d]" started-at="2024-04-15T18:52:04 IST" name="emptyvalues" finished-at="2024-04-15T18:52:06 IST" duration-ms="2365" status="PASS">
          <reporter-output>
          </reporter-output>
        </test-method> <!-- emptyvalues -->
        <test-method is-config="true" signature="driverclose()[pri:0, instance:testcases.MakeAppointment@5be46f9d]" started-at="2024-04-15T18:52:06 IST" name="driverclose" finished-at="2024-04-15T18:52:06 IST" duration-ms="75" status="PASS">
          <reporter-output>
          </reporter-output>
        </test-method> <!-- driverclose -->
        <test-method is-config="true" signature="setbrowser()[pri:0, instance:testcases.MakeAppointment@5be46f9d]" started-at="2024-04-15T18:52:06 IST" name="setbrowser" finished-at="2024-04-15T18:52:19 IST" duration-ms="12453" status="PASS">
          <reporter-output>
          </reporter-output>
        </test-method> <!-- setbrowser -->
        <test-method signature="enterdetails()[pri:0, instance:testcases.MakeAppointment@5be46f9d]" started-at="2024-04-15T18:52:19 IST" name="enterdetails" finished-at="2024-04-15T18:52:33 IST" duration-ms="14121" status="PASS">
          <reporter-output>
          </reporter-output>
        </test-method> <!-- enterdetails -->
        <test-method is-config="true" signature="driverclose()[pri:0, instance:testcases.MakeAppointment@5be46f9d]" started-at="2024-04-15T18:52:33 IST" name="driverclose" finished-at="2024-04-15T18:52:33 IST" duration-ms="114" status="PASS">
          <reporter-output>
          </reporter-output>
        </test-method> <!-- driverclose -->
      </class> <!-- testcases.MakeAppointment -->
      <class name="testcases.Firstpage">
        <test-method is-config="true" signature="browser()[pri:0, instance:testcases.Firstpage@363a52f]" started-at="2024-04-15T18:52:33 IST" name="browser" finished-at="2024-04-15T18:52:37 IST" duration-ms="3854" status="PASS">
          <reporter-output>
          </reporter-output>
        </test-method> <!-- browser -->
        <test-method signature="verifyurl()[pri:1, instance:testcases.Firstpage@363a52f]" started-at="2024-04-15T18:52:37 IST" name="verifyurl" finished-at="2024-04-15T18:52:37 IST" duration-ms="585" status="PASS">
          <reporter-output>
          </reporter-output>
        </test-method> <!-- verifyurl -->
        <test-method is-config="true" signature="closedriver()[pri:0, instance:testcases.Firstpage@363a52f]" started-at="2024-04-15T18:52:37 IST" name="closedriver" finished-at="2024-04-15T18:52:38 IST" duration-ms="118" status="PASS">
          <reporter-output>
          </reporter-output>
        </test-method> <!-- closedriver -->
        <test-method is-config="true" signature="browser()[pri:0, instance:testcases.Firstpage@363a52f]" started-at="2024-04-15T18:52:38 IST" name="browser" finished-at="2024-04-15T18:52:41 IST" duration-ms="3621" status="PASS">
          <reporter-output>
          </reporter-output>
        </test-method> <!-- browser -->
        <test-method signature="getappoint()[pri:2, instance:testcases.Firstpage@363a52f]" started-at="2024-04-15T18:52:41 IST" name="getappoint" finished-at="2024-04-15T18:52:44 IST" duration-ms="2506" status="PASS">
          <reporter-output>
          </reporter-output>
        </test-method> <!-- getappoint -->
        <test-method is-config="true" signature="closedriver()[pri:0, instance:testcases.Firstpage@363a52f]" started-at="2024-04-15T18:52:44 IST" name="closedriver" finished-at="2024-04-15T18:52:44 IST" duration-ms="124" status="PASS">
          <reporter-output>
          </reporter-output>
        </test-method> <!-- closedriver -->
        <test-method is-config="true" signature="browser()[pri:0, instance:testcases.Firstpage@363a52f]" started-at="2024-04-15T18:52:44 IST" name="browser" finished-at="2024-04-15T18:52:48 IST" duration-ms="3729" status="PASS">
          <reporter-output>
          </reporter-output>
        </test-method> <!-- browser -->
        <test-method signature="verifyafterappoint()[pri:3, instance:testcases.Firstpage@363a52f]" started-at="2024-04-15T18:52:48 IST" name="verifyafterappoint" finished-at="2024-04-15T18:52:50 IST" duration-ms="2604" status="PASS">
          <reporter-output>
          </reporter-output>
        </test-method> <!-- verifyafterappoint -->
        <test-method is-config="true" signature="closedriver()[pri:0, instance:testcases.Firstpage@363a52f]" started-at="2024-04-15T18:52:50 IST" name="closedriver" finished-at="2024-04-15T18:52:50 IST" duration-ms="85" status="PASS">
          <reporter-output>
          </reporter-output>
        </test-method> <!-- closedriver -->
      </class> <!-- testcases.Firstpage -->
      <class name="testcases.Loginpage">
        <test-method is-config="true" signature="beforepage()[pri:0, instance:testcases.Loginpage@60856961]" started-at="2024-04-15T18:52:50 IST" name="beforepage" finished-at="2024-04-15T18:52:54 IST" duration-ms="3948" status="PASS">
          <reporter-output>
          </reporter-output>
        </test-method> <!-- beforepage -->
        <test-method signature="successfulllogin()[pri:0, instance:testcases.Loginpage@60856961]" started-at="2024-04-15T18:52:54 IST" name="successfulllogin" finished-at="2024-04-15T18:53:03 IST" duration-ms="9232" status="PASS">
          <reporter-output>
          </reporter-output>
        </test-method> <!-- successfulllogin -->
        <test-method is-config="true" signature="driverclose()[pri:0, instance:testcases.Loginpage@60856961]" started-at="2024-04-15T18:53:03 IST" name="driverclose" finished-at="2024-04-15T18:53:04 IST" duration-ms="68" status="PASS">
          <reporter-output>
          </reporter-output>
        </test-method> <!-- driverclose -->
        <test-method is-config="true" signature="beforepage()[pri:0, instance:testcases.Loginpage@60856961]" started-at="2024-04-15T18:53:04 IST" name="beforepage" finished-at="2024-04-15T18:53:08 IST" duration-ms="3299" status="PASS">
          <reporter-output>
          </reporter-output>
        </test-method> <!-- beforepage -->
        <test-method signature="negativelogin1(java.lang.String,java.lang.String)[pri:2, instance:testcases.Loginpage@60856961]" started-at="2024-04-15T18:53:08 IST" name="negativelogin1" data-provider="logdetails" finished-at="2024-04-15T18:53:15 IST" duration-ms="7201" status="PASS">
          <params>
            <param index="0">
              <value>
                <![CDATA[admin]]>
              </value>
            </param>
            <param index="1">
              <value>
                <![CDATA[1234.0]]>
              </value>
            </param>
          </params>
          <reporter-output>
          </reporter-output>
        </test-method> <!-- negativelogin1 -->
        <test-method is-config="true" signature="driverclose()[pri:0, instance:testcases.Loginpage@60856961]" started-at="2024-04-15T18:53:15 IST" name="driverclose" finished-at="2024-04-15T18:53:15 IST" duration-ms="66" status="PASS">
          <reporter-output>
          </reporter-output>
        </test-method> <!-- driverclose -->
        <test-method is-config="true" signature="beforepage()[pri:0, instance:testcases.Loginpage@60856961]" started-at="2024-04-15T18:53:15 IST" name="beforepage" finished-at="2024-04-15T18:53:18 IST" duration-ms="3277" status="PASS">
          <reporter-output>
          </reporter-output>
        </test-method> <!-- beforepage -->
        <test-method signature="negativelogin1(java.lang.String,java.lang.String)[pri:2, instance:testcases.Loginpage@60856961]" started-at="2024-04-15T18:53:18 IST" name="negativelogin1" data-provider="logdetails" finished-at="2024-04-15T18:53:25 IST" duration-ms="7240" status="PASS">
          <params>
            <param index="0">
              <value>
                <![CDATA[test]]>
              </value>
            </param>
            <param index="1">
              <value>
                <![CDATA[test]]>
              </value>
            </param>
          </params>
          <reporter-output>
          </reporter-output>
        </test-method> <!-- negativelogin1 -->
        <test-method is-config="true" signature="driverclose()[pri:0, instance:testcases.Loginpage@60856961]" started-at="2024-04-15T18:53:25 IST" name="driverclose" finished-at="2024-04-15T18:53:26 IST" duration-ms="67" status="PASS">
          <reporter-output>
          </reporter-output>
        </test-method> <!-- driverclose -->
        <test-method is-config="true" signature="beforepage()[pri:0, instance:testcases.Loginpage@60856961]" started-at="2024-04-15T18:53:26 IST" name="beforepage" finished-at="2024-04-15T18:53:29 IST" duration-ms="3209" status="PASS">
          <reporter-output>
          </reporter-output>
        </test-method> <!-- beforepage -->
        <test-method signature="negativelogin1(java.lang.String,java.lang.String)[pri:2, instance:testcases.Loginpage@60856961]" started-at="2024-04-15T18:53:29 IST" name="negativelogin1" data-provider="logdetails" finished-at="2024-04-15T18:53:36 IST" duration-ms="7250" status="PASS">
          <params>
            <param index="0">
              <value>
                <![CDATA[john]]>
              </value>
            </param>
            <param index="1">
              <value>
                <![CDATA[john123]]>
              </value>
            </param>
          </params>
          <reporter-output>
          </reporter-output>
        </test-method> <!-- negativelogin1 -->
        <test-method is-config="true" signature="driverclose()[pri:0, instance:testcases.Loginpage@60856961]" started-at="2024-04-15T18:53:36 IST" name="driverclose" finished-at="2024-04-15T18:53:36 IST" duration-ms="72" status="PASS">
          <reporter-output>
          </reporter-output>
        </test-method> <!-- driverclose -->
        <test-method is-config="true" signature="beforepage()[pri:0, instance:testcases.Loginpage@60856961]" started-at="2024-04-15T18:53:36 IST" name="beforepage" finished-at="2024-04-15T18:53:39 IST" duration-ms="3204" status="PASS">
          <reporter-output>
          </reporter-output>
        </test-method> <!-- beforepage -->
        <test-method signature="negativelogin1(java.lang.String,java.lang.String)[pri:2, instance:testcases.Loginpage@60856961]" started-at="2024-04-15T18:53:39 IST" name="negativelogin1" data-provider="logdetails" finished-at="2024-04-15T18:53:46 IST" duration-ms="7144" status="PASS">
          <params>
            <param index="0">
              <value>
                <![CDATA[john@test.com]]>
              </value>
            </param>
            <param index="1">
              <value>
                <![CDATA[test123]]>
              </value>
            </param>
          </params>
          <reporter-output>
          </reporter-output>
        </test-method> <!-- negativelogin1 -->
        <test-method is-config="true" signature="driverclose()[pri:0, instance:testcases.Loginpage@60856961]" started-at="2024-04-15T18:53:46 IST" name="driverclose" finished-at="2024-04-15T18:53:46 IST" duration-ms="88" status="PASS">
          <reporter-output>
          </reporter-output>
        </test-method> <!-- driverclose -->
        <test-method is-config="true" signature="beforepage()[pri:0, instance:testcases.Loginpage@60856961]" started-at="2024-04-15T18:53:46 IST" name="beforepage" finished-at="2024-04-15T18:53:50 IST" duration-ms="3244" status="PASS">
          <reporter-output>
          </reporter-output>
        </test-method> <!-- beforepage -->
        <test-method signature="negativelogin1(java.lang.String,java.lang.String)[pri:2, instance:testcases.Loginpage@60856961]" started-at="2024-04-15T18:53:50 IST" name="negativelogin1" data-provider="logdetails" finished-at="2024-04-15T18:53:57 IST" duration-ms="7168" status="PASS">
          <params>
            <param index="0">
              <value>
                <![CDATA[mack]]>
              </value>
            </param>
            <param index="1">
              <value>
                <![CDATA[1234.0]]>
              </value>
            </param>
          </params>
          <reporter-output>
          </reporter-output>
        </test-method> <!-- negativelogin1 -->
        <test-method is-config="true" signature="driverclose()[pri:0, instance:testcases.Loginpage@60856961]" started-at="2024-04-15T18:53:57 IST" name="driverclose" finished-at="2024-04-15T18:53:57 IST" duration-ms="48" status="PASS">
          <reporter-output>
          </reporter-output>
        </test-method> <!-- driverclose -->
      </class> <!-- testcases.Loginpage -->
    </test> <!-- Test -->
  </suite> <!-- CURA_HEALTHCARE -->
</testng-results>
