<?xml version="1.0" encoding="UTF-8"?>
<!-- Generated by org.testng.reporters.JUnitXMLReporter -->
<testsuite ignored="0" hostname="LAPTOP-L5VJCAPT" failures="0" tests="11" name="Test" time="126.37" errors="0" timestamp="2024-04-15T18:53:57 IST">
  <testcase classname="testcases.MakeAppointment" name="emptyvalues" time="2.365"/>
  <testcase classname="testcases.MakeAppointment" name="enterdetails" time="14.121"/>
  <testcase classname="testcases.Firstpage" name="verifyurl" time="0.585"/>
  <testcase classname="testcases.Firstpage" name="getappoint" time="2.506"/>
  <testcase classname="testcases.Firstpage" name="verifyafterappoint" time="2.604"/>
  <testcase classname="testcases.Loginpage" name="successfulllogin" time="9.232"/>
  <testcase classname="testcases.Loginpage" name="negativelogin1" time="7.201"/>
  <testcase classname="testcases.Loginpage" name="negativelogin1" time="7.24"/>
  <testcase classname="testcases.Loginpage" name="negativelogin1" time="7.25"/>
  <testcase classname="testcases.Loginpage" name="negativelogin1" time="7.144"/>
  <testcase classname="testcases.Loginpage" name="negativelogin1" time="7.168"/>
</testsuite> <!-- Test -->
